2018-01-21 11:49:20.136 | INFO  | main | pipeline.core | Will start with following properties: {:es {:url "http://127.0.0.1:9200"}}
2018-01-21 11:49:20.253 | INFO  | main | pipeline.core | Starts latest-listing-fetcher
2018-01-21 11:49:21.500 | INFO  | async-dispatch-4 | pipeline.core | Will download comments from  https://reddit.com/r/CryptoCurrency/comments/7rnifr/bitconnect_still_being_advertised_on/
2018-01-21 11:49:21.501 | INFO  | async-dispatch-4 | pipeline.core | Will download comments from  https://reddit.com/r/CryptoCurrency/comments/7rqgsm/i_am_starting_a_blog_aimed_at_making_korean/
2018-01-21 11:49:21.501 | INFO  | async-dispatch-5 | pipeline.core | Before HTTP req for  https://reddit.com/r/CryptoCurrency/comments/7rnifr/bitconnect_still_being_advertised_on/
2018-01-21 11:49:22.850 | INFO  | async-dispatch-5 | pipeline.core | After HTTP req for  https://reddit.com/r/CryptoCurrency/comments/7rnifr/bitconnect_still_being_advertised_on/
2018-01-21 11:49:24.234 | INFO  | async-dispatch-7 | pipeline.core | Will download comments from  https://reddit.com/r/CryptoCurrency/comments/7rsq7v/the_government_of_canada_is_now_using_the/
2018-01-21 11:49:24.234 | INFO  | async-dispatch-5 | pipeline.core | Before HTTP req for  https://reddit.com/r/CryptoCurrency/comments/7rqgsm/i_am_starting_a_blog_aimed_at_making_korean/
2018-01-21 11:49:25.673 | INFO  | async-dispatch-5 | pipeline.core | After HTTP req for  https://reddit.com/r/CryptoCurrency/comments/7rqgsm/i_am_starting_a_blog_aimed_at_making_korean/
2018-01-21 11:49:26.951 | INFO  | async-dispatch-4 | pipeline.core | Before HTTP req for  https://reddit.com/r/CryptoCurrency/comments/7rsq7v/the_government_of_canada_is_now_using_the/
2018-01-21 11:49:26.952 | INFO  | async-dispatch-7 | pipeline.core | Will download comments from  https://reddit.com/r/CryptoCurrency/comments/7rqw07/dogecoin_best_coin/
2018-01-21 11:49:28.194 | INFO  | async-dispatch-4 | pipeline.core | After HTTP req for  https://reddit.com/r/CryptoCurrency/comments/7rsq7v/the_government_of_canada_is_now_using_the/
2018-01-21 11:49:29.682 | INFO  | async-dispatch-3 | pipeline.core | Before HTTP req for  https://reddit.com/r/CryptoCurrency/comments/7rqw07/dogecoin_best_coin/
2018-01-21 11:49:29.683 | INFO  | async-dispatch-7 | pipeline.core | Will download comments from  https://reddit.com/r/CryptoCurrency/comments/7rpbz7/buying_hotsauce_with_xrbraiblocks_store_is/
2018-01-21 11:49:31.153 | INFO  | async-dispatch-3 | pipeline.core | After HTTP req for  https://reddit.com/r/CryptoCurrency/comments/7rqw07/dogecoin_best_coin/
2018-01-21 11:49:32.710 | INFO  | async-dispatch-6 | pipeline.core | Will download comments from  https://reddit.com/r/CryptoCurrency/comments/7rr0xl/when_someone_gives_you_a_really_profitable_crypto/
2018-01-21 11:49:32.711 | INFO  | async-dispatch-7 | pipeline.core | Before HTTP req for  https://reddit.com/r/CryptoCurrency/comments/7rpbz7/buying_hotsauce_with_xrbraiblocks_store_is/
2018-01-21 11:49:34.345 | INFO  | async-dispatch-7 | pipeline.core | After HTTP req for  https://reddit.com/r/CryptoCurrency/comments/7rpbz7/buying_hotsauce_with_xrbraiblocks_store_is/
2018-01-21 11:49:35.802 | INFO  | async-dispatch-4 | pipeline.core | Before HTTP req for  https://reddit.com/r/CryptoCurrency/comments/7rr0xl/when_someone_gives_you_a_really_profitable_crypto/
2018-01-21 11:49:35.803 | INFO  | async-dispatch-5 | pipeline.core | Will download comments from  https://reddit.com/r/CryptoCurrency/comments/7rrwvk/theres_always_money_in_the_banana_coins/
2018-01-21 11:49:36.926 | INFO  | async-dispatch-4 | pipeline.core | After HTTP req for  https://reddit.com/r/CryptoCurrency/comments/7rr0xl/when_someone_gives_you_a_really_profitable_crypto/
2018-01-21 11:49:38.119 | INFO  | async-dispatch-4 | pipeline.core | Before HTTP req for  https://reddit.com/r/CryptoCurrency/comments/7rrwvk/theres_always_money_in_the_banana_coins/
2018-01-21 11:49:38.124 | INFO  | async-dispatch-2 | pipeline.core | Will download comments from  https://reddit.com/r/CryptoCurrency/comments/7roba6/waltonchain_wtc_wins_the_2018_outstanding/
2018-01-21 11:49:39.282 | INFO  | async-dispatch-4 | pipeline.core | After HTTP req for  https://reddit.com/r/CryptoCurrency/comments/7rrwvk/theres_always_money_in_the_banana_coins/
2018-01-21 11:49:40.391 | INFO  | async-dispatch-3 | pipeline.core | Before HTTP req for  https://reddit.com/r/CryptoCurrency/comments/7roba6/waltonchain_wtc_wins_the_2018_outstanding/
2018-01-21 11:49:40.392 | INFO  | async-dispatch-2 | pipeline.core | Will download comments from  https://reddit.com/r/CryptoCurrency/comments/7rqgix/alcoholism_turned_into_crypto_investment/
2018-01-21 11:49:41.955 | INFO  | async-dispatch-3 | pipeline.core | After HTTP req for  https://reddit.com/r/CryptoCurrency/comments/7roba6/waltonchain_wtc_wins_the_2018_outstanding/
2018-01-21 11:49:43.412 | INFO  | async-dispatch-4 | pipeline.core | Before HTTP req for  https://reddit.com/r/CryptoCurrency/comments/7rqgix/alcoholism_turned_into_crypto_investment/
2018-01-21 11:49:43.413 | INFO  | async-dispatch-8 | pipeline.core | Will download comments from  https://reddit.com/r/CryptoCurrency/comments/7rs5h8/announcing_bounty0x_partnering_with_lamden_to/
2018-01-21 11:49:44.899 | INFO  | async-dispatch-4 | pipeline.core | After HTTP req for  https://reddit.com/r/CryptoCurrency/comments/7rqgix/alcoholism_turned_into_crypto_investment/
2018-01-21 11:49:46.318 | INFO  | async-dispatch-4 | pipeline.core | Before HTTP req for  https://reddit.com/r/CryptoCurrency/comments/7rs5h8/announcing_bounty0x_partnering_with_lamden_to/
2018-01-21 11:49:46.319 | INFO  | async-dispatch-5 | pipeline.core | Will download comments from  https://reddit.com/r/CryptoCurrency/comments/7rql70/only_10_of_ripple_held_by_masses/
2018-01-21 11:49:47.452 | INFO  | async-dispatch-4 | pipeline.core | After HTTP req for  https://reddit.com/r/CryptoCurrency/comments/7rs5h8/announcing_bounty0x_partnering_with_lamden_to/
2018-01-21 11:49:48.072 | INFO  | async-dispatch-4 | pipeline.core | Before HTTP req for  https://reddit.com/r/CryptoCurrency/comments/7rql70/only_10_of_ripple_held_by_masses/
2018-01-21 11:49:48.073 | INFO  | async-dispatch-6 | pipeline.core | Will download comments from  https://reddit.com/r/CryptoCurrency/comments/7rrvc8/feel_free_to_downvote_but_its_important_people/
2018-01-21 11:49:49.604 | INFO  | async-dispatch-4 | pipeline.core | After HTTP req for  https://reddit.com/r/CryptoCurrency/comments/7rql70/only_10_of_ripple_held_by_masses/
2018-01-21 11:49:51.181 | INFO  | async-dispatch-5 | pipeline.core | Before HTTP req for  https://reddit.com/r/CryptoCurrency/comments/7rrvc8/feel_free_to_downvote_but_its_important_people/
2018-01-21 11:49:51.182 | INFO  | async-dispatch-7 | pipeline.core | Will download comments from  https://reddit.com/r/CryptoCurrency/comments/7rqd0u/is_it_worth_to_invest_in_stellar_xlmstr/
2018-01-21 11:49:52.711 | INFO  | async-dispatch-5 | pipeline.core | After HTTP req for  https://reddit.com/r/CryptoCurrency/comments/7rrvc8/feel_free_to_downvote_but_its_important_people/
2018-01-21 11:49:53.846 | INFO  | async-dispatch-2 | pipeline.core | Before HTTP req for  https://reddit.com/r/CryptoCurrency/comments/7rqd0u/is_it_worth_to_invest_in_stellar_xlmstr/
2018-01-21 11:49:53.846 | INFO  | async-dispatch-4 | pipeline.core | Will download comments from  https://reddit.com/r/CryptoCurrency/comments/7rrg9f/wabi_roadmap_release_2018_to_be_an_explosive_year/
2018-01-21 11:49:55.084 | INFO  | async-dispatch-2 | pipeline.core | After HTTP req for  https://reddit.com/r/CryptoCurrency/comments/7rqd0u/is_it_worth_to_invest_in_stellar_xlmstr/
2018-01-21 11:49:56.539 | INFO  | async-dispatch-2 | pipeline.core | Before HTTP req for  https://reddit.com/r/CryptoCurrency/comments/7rrg9f/wabi_roadmap_release_2018_to_be_an_explosive_year/
2018-01-21 11:49:56.540 | INFO  | async-dispatch-1 | pipeline.core | Will download comments from  https://reddit.com/r/CryptoCurrency/comments/7rqmom/a_summary_of_ark_as_the_team_announces_first/
2018-01-21 11:49:57.754 | INFO  | async-dispatch-2 | pipeline.core | After HTTP req for  https://reddit.com/r/CryptoCurrency/comments/7rrg9f/wabi_roadmap_release_2018_to_be_an_explosive_year/
2018-01-21 11:49:58.138 | INFO  | async-dispatch-4 | pipeline.core | Before HTTP req for  https://reddit.com/r/CryptoCurrency/comments/7rqmom/a_summary_of_ark_as_the_team_announces_first/
2018-01-21 11:49:58.138 | INFO  | async-dispatch-6 | pipeline.core | Will download comments from  https://reddit.com/r/CryptoCurrency/comments/7rqoxt/neo_prime_contender_against_ethereum_in_the_smart/
2018-01-21 11:49:58.961 | INFO  | async-dispatch-4 | pipeline.core | After HTTP req for  https://reddit.com/r/CryptoCurrency/comments/7rqmom/a_summary_of_ark_as_the_team_announces_first/
2018-01-21 11:49:59.359 | INFO  | async-dispatch-7 | pipeline.core | Before HTTP req for  https://reddit.com/r/CryptoCurrency/comments/7rqoxt/neo_prime_contender_against_ethereum_in_the_smart/
2018-01-21 11:49:59.359 | INFO  | async-dispatch-4 | pipeline.core | Will download comments from  https://reddit.com/r/CryptoCurrency/comments/7rpf90/ark_deployer_first_steps_towards_easy_blockchain/
2018-01-21 11:50:00.844 | INFO  | async-dispatch-7 | pipeline.core | After HTTP req for  https://reddit.com/r/CryptoCurrency/comments/7rqoxt/neo_prime_contender_against_ethereum_in_the_smart/
2018-01-21 11:50:02.206 | INFO  | async-dispatch-5 | pipeline.core | Before HTTP req for  https://reddit.com/r/CryptoCurrency/comments/7rpf90/ark_deployer_first_steps_towards_easy_blockchain/
2018-01-21 11:50:02.207 | INFO  | async-dispatch-6 | pipeline.core | Will download comments from  https://reddit.com/r/CryptoCurrency/comments/7rpy37/apex_presents_their_blockchain_ai_technology_at/
2018-01-21 11:50:03.020 | INFO  | async-dispatch-5 | pipeline.core | After HTTP req for  https://reddit.com/r/CryptoCurrency/comments/7rpf90/ark_deployer_first_steps_towards_easy_blockchain/
2018-01-21 11:50:03.196 | INFO  | async-dispatch-2 | pipeline.core | Before HTTP req for  https://reddit.com/r/CryptoCurrency/comments/7rpy37/apex_presents_their_blockchain_ai_technology_at/
2018-01-21 11:50:03.196 | INFO  | async-dispatch-3 | pipeline.core | Will download comments from  https://reddit.com/r/CryptoCurrency/comments/7rrqqy/i_bought_in_on_december_12_2017_in_just_over_a/
2018-01-21 11:50:03.895 | INFO  | async-dispatch-2 | pipeline.core | After HTTP req for  https://reddit.com/r/CryptoCurrency/comments/7rpy37/apex_presents_their_blockchain_ai_technology_at/
2018-01-21 11:50:04.238 | INFO  | async-dispatch-2 | pipeline.core | Will download comments from  https://reddit.com/r/CryptoCurrency/comments/7rse4b/crypto_in_costa_rica/
2018-01-21 11:50:04.238 | INFO  | async-dispatch-4 | pipeline.core | Before HTTP req for  https://reddit.com/r/CryptoCurrency/comments/7rrqqy/i_bought_in_on_december_12_2017_in_just_over_a/
2018-01-21 11:50:05.659 | INFO  | async-dispatch-4 | pipeline.core | After HTTP req for  https://reddit.com/r/CryptoCurrency/comments/7rrqqy/i_bought_in_on_december_12_2017_in_just_over_a/
2018-01-21 11:50:06.848 | INFO  | async-dispatch-2 | pipeline.core | Before HTTP req for  https://reddit.com/r/CryptoCurrency/comments/7rse4b/crypto_in_costa_rica/
2018-01-21 11:50:06.848 | INFO  | async-dispatch-6 | pipeline.core | Will download comments from  https://reddit.com/r/CryptoCurrency/comments/7rnxgf/an_explanation_of_the_difference_between_market/
2018-01-21 11:50:07.606 | INFO  | async-dispatch-2 | pipeline.core | After HTTP req for  https://reddit.com/r/CryptoCurrency/comments/7rse4b/crypto_in_costa_rica/
2018-01-21 11:50:08.157 | INFO  | async-dispatch-6 | pipeline.core | Before HTTP req for  https://reddit.com/r/CryptoCurrency/comments/7rnxgf/an_explanation_of_the_difference_between_market/
2018-01-21 11:50:08.158 | INFO  | async-dispatch-5 | pipeline.core | Will download comments from  https://reddit.com/r/CryptoCurrency/comments/7rp8je/bounty0x_review_the_wild_west_gone_digital/
2018-01-21 11:50:09.482 | INFO  | async-dispatch-6 | pipeline.core | After HTTP req for  https://reddit.com/r/CryptoCurrency/comments/7rnxgf/an_explanation_of_the_difference_between_market/
2018-01-21 11:50:10.578 | INFO  | async-dispatch-6 | pipeline.core | Before HTTP req for  https://reddit.com/r/CryptoCurrency/comments/7rp8je/bounty0x_review_the_wild_west_gone_digital/
2018-01-21 11:50:10.578 | INFO  | async-dispatch-4 | pipeline.core | Will download comments from  https://reddit.com/r/CryptoCurrency/comments/7rqpw6/the_3_most_promising_public_blockchain_projects/
2018-01-21 11:50:11.261 | INFO  | async-dispatch-6 | pipeline.core | After HTTP req for  https://reddit.com/r/CryptoCurrency/comments/7rp8je/bounty0x_review_the_wild_west_gone_digital/
2018-01-21 11:50:11.535 | INFO  | async-dispatch-2 | pipeline.core | Will download comments from  https://reddit.com/r/CryptoCurrency/comments/7rol9s/new_doug_polk_crypto_video_10_things_you_need_to/
2018-01-21 11:50:11.536 | INFO  | async-dispatch-4 | pipeline.core | Before HTTP req for  https://reddit.com/r/CryptoCurrency/comments/7rqpw6/the_3_most_promising_public_blockchain_projects/
2018-01-21 11:50:12.893 | INFO  | async-dispatch-4 | pipeline.core | After HTTP req for  https://reddit.com/r/CryptoCurrency/comments/7rqpw6/the_3_most_promising_public_blockchain_projects/
2018-01-21 11:50:14.001 | INFO  | async-dispatch-3 | pipeline.core | Before HTTP req for  https://reddit.com/r/CryptoCurrency/comments/7rol9s/new_doug_polk_crypto_video_10_things_you_need_to/
2018-01-21 11:50:14.002 | INFO  | async-dispatch-5 | pipeline.core | Will download comments from  https://reddit.com/r/CryptoCurrency/comments/7roa5t/bounty0x_review_undervalued_or_overhyped/
2018-01-21 11:50:14.672 | INFO  | async-dispatch-3 | pipeline.core | After HTTP req for  https://reddit.com/r/CryptoCurrency/comments/7rol9s/new_doug_polk_crypto_video_10_things_you_need_to/
2018-01-21 11:50:15.171 | INFO  | async-dispatch-3 | pipeline.core | Before HTTP req for  https://reddit.com/r/CryptoCurrency/comments/7roa5t/bounty0x_review_undervalued_or_overhyped/
2018-01-21 11:50:15.176 | INFO  | async-dispatch-2 | pipeline.core | Close latest-listing-fetcher
